<?xml version="1.0" encoding="UTF-8"?>
<testng-results skipped="0" failed="0" ignored="0" total="1" passed="1">
  <reporter-output>
  </reporter-output>
  <suite name="Suite" duration-ms="27" started-at="2021-05-02T08:41:14Z" finished-at="2021-05-02T08:41:14Z">
    <groups>
    </groups>
    <test name="test2" duration-ms="27" started-at="2021-05-02T08:41:14Z" finished-at="2021-05-02T08:41:14Z">
      <class name="data.TC001_Get_whether">
        <test-method status="PASS" signature="settingBaseURI()[pri:0, instance:data.TC001_Get_whether@13c78c0b]" name="settingBaseURI" is-config="true" duration-ms="981" started-at="2021-05-02T08:41:13Z" finished-at="2021-05-02T08:41:14Z">
          <reporter-output>
          </reporter-output>
        </test-method> <!-- settingBaseURI -->
        <test-method status="PASS" signature="get()[pri:0, instance:data.TC001_Get_whether@13c78c0b]" name="get" duration-ms="2" started-at="2021-05-02T08:41:14Z" finished-at="2021-05-02T08:41:14Z">
          <reporter-output>
          </reporter-output>
        </test-method> <!-- get -->
      </class> <!-- data.TC001_Get_whether -->
    </test> <!-- test2 -->
  </suite> <!-- Suite -->
</testng-results>
