<?xml version="1.0" encoding="UTF-8"?>
<testsuite xmlns:xsi="http://www.w3.org/2001/XMLSchema-instance" xsi:noNamespaceSchemaLocation="https://maven.apache.org/surefire/maven-surefire-plugin/xsd/surefire-test-report-3.0.xsd" version="3.0" name="TestSuite" time="5.869" tests="3" errors="0" skipped="0" failures="0">
  <properties>
[...]
</properties>
  <testcase name="get[api/users/2, get](1)" classname="data.TC001_Get_whether" time="2.99">
    <system-out><![CDATA["https://reqres.in/"
3rows
2columns
api/users/2
get
api/users/2
get
api/users/2
get
gfkjfjdffd
]]></system-out>
  </testcase>
  <testcase name="get[api/users/2, get](2)" classname="data.TC001_Get_whether" time="0.475">
    <system-out><![CDATA[gfkjfjdffd
]]></system-out>
  </testcase>
  <testcase name="get[api/users/2, get](3)" classname="data.TC001_Get_whether" time="0.219">
    <system-out><![CDATA[gfkjfjdffd
]]></system-out>
  </testcase>
</testsuite>