<?xml version="1.0" encoding="UTF-8"?>
<testng-results ignored="0" total="3" passed="3" failed="0" skipped="0">
  <reporter-output>
  </reporter-output>
  <suite started-at="2021-05-02T08:58:04Z" name="Default suite" finished-at="2021-05-02T08:58:07Z" duration-ms="3026">
    <groups>
    </groups>
    <test started-at="2021-05-02T08:58:04Z" name="Default test" finished-at="2021-05-02T08:58:07Z" duration-ms="3026">
      <class name="data.TC001_Get_whether">
        <test-method is-config="true" signature="settingBaseURI()[pri:0, instance:data.TC001_Get_whether@61eaec38]" started-at="2021-05-02T08:58:03Z" name="settingBaseURI" finished-at="2021-05-02T08:58:04Z" duration-ms="630" status="PASS">
          <reporter-output>
          </reporter-output>
        </test-method> <!-- settingBaseURI -->
        <test-method signature="get(java.lang.String, java.lang.String)[pri:0, instance:data.TC001_Get_whether@61eaec38]" started-at="2021-05-02T08:58:05Z" name="get" data-provider="providelogindata" finished-at="2021-05-02T08:58:06Z" duration-ms="1293" status="PASS">
          <params>
            <param index="0">
              <value>
                <![CDATA[api/users/2]]>
              </value>
            </param>
            <param index="1">
              <value>
                <![CDATA[get]]>
              </value>
            </param>
          </params>
          <reporter-output>
          </reporter-output>
        </test-method> <!-- get -->
        <test-method signature="get(java.lang.String, java.lang.String)[pri:0, instance:data.TC001_Get_whether@61eaec38]" started-at="2021-05-02T08:58:06Z" name="get" data-provider="providelogindata" finished-at="2021-05-02T08:58:06Z" duration-ms="425" status="PASS">
          <params>
            <param index="0">
              <value>
                <![CDATA[api/users/2]]>
              </value>
            </param>
            <param index="1">
              <value>
                <![CDATA[get]]>
              </value>
            </param>
          </params>
          <reporter-output>
          </reporter-output>
        </test-method> <!-- get -->
        <test-method signature="get(java.lang.String, java.lang.String)[pri:0, instance:data.TC001_Get_whether@61eaec38]" started-at="2021-05-02T08:58:06Z" name="get" data-provider="providelogindata" finished-at="2021-05-02T08:58:07Z" duration-ms="420" status="PASS">
          <params>
            <param index="0">
              <value>
                <![CDATA[api/users/2]]>
              </value>
            </param>
            <param index="1">
              <value>
                <![CDATA[get]]>
              </value>
            </param>
          </params>
          <reporter-output>
          </reporter-output>
        </test-method> <!-- get -->
      </class> <!-- data.TC001_Get_whether -->
    </test> <!-- Default test -->
  </suite> <!-- Default suite -->
</testng-results>
