<?xml version="1.0" encoding="UTF-8"?>
<testng-results ignored="0" total="1" passed="1" failed="0" skipped="0">
  <reporter-output>
  </reporter-output>
  <suite started-at="2021-05-02T06:46:59Z" name="Suite" finished-at="2021-05-02T06:46:59Z" duration-ms="30">
    <groups>
    </groups>
    <test started-at="2021-05-02T06:46:59Z" name="test2" finished-at="2021-05-02T06:46:59Z" duration-ms="30">
      <class name="data.TC001_Get_whether">
        <test-method is-config="true" signature="settingBaseURI()[pri:0, instance:data.TC001_Get_whether@69453e37]" started-at="2021-05-02T06:46:58Z" name="settingBaseURI" finished-at="2021-05-02T06:46:59Z" duration-ms="613" status="PASS">
          <reporter-output>
          </reporter-output>
        </test-method> <!-- settingBaseURI -->
        <test-method signature="get()[pri:0, instance:data.TC001_Get_whether@69453e37]" started-at="2021-05-02T06:46:59Z" name="get" finished-at="2021-05-02T06:46:59Z" duration-ms="6" status="PASS">
          <reporter-output>
          </reporter-output>
        </test-method> <!-- get -->
      </class> <!-- data.TC001_Get_whether -->
    </test> <!-- test2 -->
  </suite> <!-- Suite -->
</testng-results>
